build/app/outputs/mapping/release/seeds.txt
androidx.window.embedding.EmbeddingCompat$Companion: androidx.window.extensions.embedding.ActivityEmbeddingComponent embeddingComponent()
androidx.appcompat.widget.ActionMenuView: void setPopupTheme(int)
androidx.core.util.ObjectsCompat$Api19Impl: int hash(java.lang.Object[])
androidx.core.view.ViewCompat$Api30Impl: java.lang.CharSequence getStateDescription(android.view.View)
io.flutter.embedding.engine.FlutterOverlaySurface: android.view.Surface getSurface()
kotlinx.coroutines.android.AndroidDispatcherFactory: java.lang.String hintOnError()
androidx.core.widget.TextViewCompat$Api23Impl: int getBreakStrategy(android.widget.TextView)
androidx.window.embedding.EmbeddingAdapter: java.util.Set translate(java.util.Set)
androidx.core.graphics.drawable.DrawableCompat$Api19Impl: void setAutoMirrored(android.graphics.drawable.Drawable,boolean)
androidx.appcompat.widget.FitWindowsFrameLayout: void setOnFitSystemWindowsListener(androidx.appcompat.widget.FitWindowsViewGroup$OnFitSystemWindowsListener)
kotlin.collections.ArrayAsCollection: int getSize()
androidx.core.view.ViewCompat$Api28Impl: boolean isAccessibilityHeading(android.view.View)
androidx.core.graphics.drawable.DrawableCompat$Api23Impl: boolean setLayoutDirection(android.graphics.drawable.Drawable,int)
kotlinx.coroutines.android.AndroidExceptionPreHandler: java.lang.reflect.Method preHandler()
io.flutter.embedding.engine.FlutterJNI: boolean nativeFlutterTextUtilsIsEmojiModifier(int)
androidx.vectordrawable.graphics.drawable.VectorDrawableCompat$VFullPath: void setTrimPathEnd(float)
androidx.core.view.ViewParentCompat$Api21Impl: void onStopNestedScroll(android.view.ViewParent,android.view.View)
androidx.core.content.res.FontResourcesParserCompat$FontFamilyFilesResourceEntry: androidx.core.content.res.FontResourcesParserCompat$FontFileResourceEntry[] getEntries()
androidx.window.embedding.SplitPlaceholderRule: SplitPlaceholderRule(java.util.Set,android.content.Intent,int,int,float,int,int,kotlin.jvm.internal.DefaultConstructorMarker)
kotlin.jvm.internal.FunctionReference: boolean isInfix()
androidx.core.view.ViewCompat$Api16Impl: void setImportantForAccessibility(android.view.View,int)
androidx.collection.SimpleArrayMap: int indexOf(java.lang.Object,int)
kotlinx.coroutines.internal.ArrayQueue: void addLast(java.lang.Object)
androidx.appcompat.widget.Toolbar: int getTitleMarginTop()
com.google.android.gms.common.internal.service.zap: com.google.android.gms.common.Feature[] getApiFeatures()
androidx.window.core.Version: java.lang.String toString()
io.flutter.embedding.engine.FlutterJNI: void nativeImageHeaderCallback(long,int,int)
androidx.window.layout.SidecarCompat: void register(android.os.IBinder,android.app.Activity)
io.flutter.plugin.editing.ImeSyncDeferringInsetsCallback: int access$500(io.flutter.plugin.editing.ImeSyncDeferringInsetsCallback)
androidx.appcompat.app.AlertController$AlertParams: void createListView(androidx.appcompat.app.AlertController)
androidx.window.java.layout.WindowInfoTrackerCallbackAdapter$addListener$1$1$invokeSuspend$$inlined$collect$1: WindowInfoTrackerCallbackAdapter$addListener$1$1$invokeSuspend$$inlined$collect$1(androidx.core.util.Consumer)
androidx.window.embedding.ExtensionEmbeddingBackend: void access$setGlobalInstance$cp(androidx.window.embedding.ExtensionEmbeddingBackend)
androidx.appcompat.widget.AppCompatTextView: void setSupportBackgroundTintList(android.content.res.ColorStateList)
androidx.appcompat.widget.AbsActionBarView: int getContentHeight()
androidx.collection.ArraySet: void ensureCapacity(int)
androidx.appcompat.widget.LinearLayoutCompat: void setVerticalGravity(int)
androidx.core.hardware.fingerprint.FingerprintManagerCompat$Api23Impl: boolean isHardwareDetected(java.lang.Object)
androidx.core.widget.EdgeEffectCompat$Api21Impl: void onPull(android.widget.EdgeEffect,float,float)
androidx.lifecycle.LegacySavedStateHandleController$OnRecreation: LegacySavedStateHandleController$OnRecreation()