build/app/outputs/mapping/release/mapping.txt
# compiler: R8
# compiler_version: 3.2.47
# min_api: 19
# common_typos_disable
# {"id":"com.android.tools.r8.mapping","version":"2.0"}
# pg_map_id: 48931ad
# pg_map_hash: SHA-256 48931ad2d1e54931cbb6cd507cbac49ca11a7f1252a4e9d19110c0391162dc19
...
com.google.android.gms.common.GooglePlayServicesManifestException -> com.google.android.gms.common.GooglePlayServicesManifestException:
    int zza -> e
com.google.android.gms.common.GooglePlayServicesUtil -> l0.f:
    int GOOGLE_PLAY_SERVICES_VERSION_CODE -> d
    android.content.res.Resources getRemoteResource(android.content.Context) -> b
com.google.android.gms.common.GooglePlayServicesUtilLight -> l0.g:
    java.util.concurrent.atomic.AtomicBoolean zzc -> c
    java.util.concurrent.atomic.AtomicBoolean sCanceledAvailabilityNotification -> b
    int GOOGLE_PLAY_SERVICES_VERSION_CODE -> a
    java.lang.String getErrorString(int) -> a
    android.content.res.Resources getRemoteResource(android.content.Context) -> b
    int isGooglePlayServicesAvailable(android.content.Context,int) -> c
    boolean isPlayServicesPossiblyUpdating(android.content.Context,int) -> d
    boolean isRestrictedUserProfile(android.content.Context) -> e
    boolean isUserRecoverableError(int) -> f
    boolean zza(android.content.Context,java.lang.String) -> g
com.google.android.gms.common.GoogleSignatureVerifier -> l0.h:
    android.content.Context zzc -> a
    com.google.android.gms.common.GoogleSignatureVerifier zza -> b
    com.google.android.gms.common.GoogleSignatureVerifier getInstance(android.content.Context) -> a
    com.google.android.gms.common.zzj zza(android.content.pm.PackageInfo,com.google.android.gms.common.zzj[]) -> b
    boolean zzb(android.content.pm.PackageInfo,boolean) -> c
com.google.android.gms.common.R$string -> l0.i:
    int common_google_play_services_unknown_issue -> a
com.google.android.gms.common.SupportErrorDialogFragment -> l0.j:
    android.app.Dialog zaa -> w0
    android.app.Dialog zac -> y0
    android.content.DialogInterface$OnCancelListener zab -> x0
    android.app.Dialog onCreateDialog(android.os.Bundle) -> j2
    void show(androidx.fragment.app.FragmentManager,java.lang.String) -> p2
    com.google.android.gms.common.SupportErrorDialogFragment newInstance(android.app.Dialog,android.content.DialogInterface$OnCancelListener) -> q2
com.google.android.gms.common.api.Api -> m0.a:
    com.google.android.gms.common.api.Api$ClientKey zab -> b
    java.lang.String zac -> c
    com.google.android.gms.common.api.Api$AbstractClientBuilder zaa -> a
    com.google.android.gms.common.api.Api$AbstractClientBuilder zaa() -> a
    java.lang.String zad() -> b
com.google.android.gms.common.api.Api$AbstractClientBuilder -> m0.a$a:
    com.google.android.gms.common.api.Api$Client buildClient(android.content.Context,android.os.Looper,com.google.android.gms.common.internal.ClientSettings,java.lang.Object,com.google.android.gms.common.api.GoogleApiClient$ConnectionCallbacks,com.google.android.gms.common.api.GoogleApiClient$OnConnectionFailedListener) -> a
    com.google.android.gms.common.api.Api$Client buildClient(android.content.Context,android.os.Looper,com.google.android.gms.common.internal.ClientSettings,java.lang.Object,com.google.android.gms.common.api.internal.ConnectionCallbacks,com.google.android.gms.common.api.internal.OnConnectionFailedListener) -> b
com.google.android.gms.common.api.Api$AnyClient -> m0.a$b:
com.google.android.gms.common.api.Api$AnyClientKey -> m0.a$c:
com.google.android.gms.common.api.Api$ApiOptions -> m0.a$d:
    com.google.android.gms.common.api.Api$ApiOptions$NoOptions NO_OPTIONS -> a
com.google.android.gms.common.api.Api$ApiOptions$HasAccountOptions -> m0.a$d$a:
    android.accounts.Account getAccount() -> a
com.google.android.gms.common.api.Api$ApiOptions$HasGoogleSignInAccountOptions -> m0.a$d$b:
    com.google.android.gms.auth.api.signin.GoogleSignInAccount getGoogleSignInAccount() -> b
com.google.android.gms.common.api.Api$ApiOptions$NoOptions -> m0.a$d$c:
com.google.android.gms.common.api.Api$BaseClientBuilder -> m0.a$e: