build/app/outputs/mapping/release/usage.txt
com.example.flutter_challenge.BuildConfig
com.example.flutter_challenge.MainActivity
com.example.flutter_challenge.R$anim
com.example.flutter_challenge.R$animator
com.example.flutter_challenge.R$array
com.example.flutter_challenge.R$attr
com.example.flutter_challenge.R$bool
com.example.flutter_challenge.R$color
com.example.flutter_challenge.R$dimen
com.example.flutter_challenge.R$drawable
com.example.flutter_challenge.R$id
com.example.flutter_challenge.R$integer
com.example.flutter_challenge.R$interpolator
com.example.flutter_challenge.R$layout
com.example.flutter_challenge.R$mipmap
com.example.flutter_challenge.R$string
com.example.flutter_challenge.R$style
com.example.flutter_challenge.R$styleable
com.example.flutter_challenge.R
...
com.google.android.gms.location.SleepSegmentEvent
com.google.android.gms.location.SleepSegmentRequest
com.google.android.gms.location.zza
com.google.android.gms.location.zzaf
com.google.android.gms.location.zzag
com.google.android.gms.location.zzah
com.google.android.gms.location.zzaj
com.google.android.gms.location.zzak
com.google.android.gms.location.zzb
com.google.android.gms.location.zzc
com.google.android.gms.location.zzd
com.google.android.gms.location.zze
com.google.android.gms.location.zzf
com.google.android.gms.location.zzg
com.google.android.gms.location.zzh
com.google.android.gms.location.zzi
com.google.android.gms.location.zzj
com.google.android.gms.location.zzk
com.google.android.gms.location.zzl
com.google.android.gms.location.zzn
com.google.android.gms.location.zzp:
    public final void zzd(com.google.android.gms.location.LocationAvailability)
    public final void zze(com.google.android.gms.location.LocationResult)
com.google.android.gms.location.zzs:
    public final void zzd(android.location.Location)
    public final void zze()
com.google.android.gms.location.zzt:
    public void <init>()
    protected final boolean zza(int,android.os.Parcel,android.os.Parcel,int)
com.google.android.gms.location.zzu:
    public abstract void zzd(android.location.Location)
    public abstract void zze()
com.google.android.gms.security.ProviderInstaller$ProviderInstallListener
com.google.android.gms.security.ProviderInstaller
com.google.android.gms.security.zza
com.google.android.gms.signin.internal.SignInClientImpl:
    public final void zaa()
    public final void zac(com.google.android.gms.common.internal.IAccountAccessor,boolean)
com.google.android.gms.signin.internal.zac:
    public void zab(com.google.android.gms.signin.internal.zak)
com.google.android.gms.signin.internal.zaf:
    public final void zae(int)
    public final void zaf(com.google.android.gms.common.internal.IAccountAccessor,int,boolean)
com.google.android.gms.signin.zae:
    public abstract void zaa()
    public abstract void zac(com.google.android.gms.common.internal.IAccountAccessor,boolean)
com.google.android.gms.tasks.CancellationToken
com.google.android.gms.tasks.CancellationTokenSource
com.google.android.gms.tasks.NativeOnCompleteListener
com.google.android.gms.tasks.OnCanceledListener
com.google.android.gms.tasks.OnTokenCanceledListener
com.google.android.gms.tasks.R
com.google.android.gms.tasks.SuccessContinuation
com.google.android.gms.tasks.Task:
    public com.google.android.gms.tasks.Task addOnCanceledListener(android.app.Activity,com.google.android.gms.tasks.OnCanceledListener)
    public com.google.android.gms.tasks.Task addOnCanceledListener(com.google.android.gms.tasks.OnCanceledListener)
    public com.google.android.gms.tasks.Task addOnCanceledListener(java.util.concurrent.Executor,com.google.android.gms.tasks.OnCanceledListener)
    public com.google.android.gms.tasks.Task addOnCompleteListener(android.app.Activity,com.google.android.gms.tasks.OnCompleteListener)
    public abstract com.google.android.gms.tasks.Task addOnFailureListener(android.app.Activity,com.google.android.gms.tasks.OnFailureListener)
    public abstract com.google.android.gms.tasks.Task addOnFailureListener(java.util.concurrent.Executor,com.google.android.gms.tasks.OnFailureListener)
    public abstract com.google.android.gms.tasks.Task addOnSuccessListener(android.app.Activity,com.google.android.gms.tasks.OnSuccessListener)
    public abstract com.google.android.gms.tasks.Task addOnSuccessListener(java.util.concurrent.Executor,com.google.android.gms.tasks.OnSuccessListener)
    public com.google.android.gms.tasks.Task continueWith(com.google.android.gms.tasks.Continuation)
    public com.google.android.gms.tasks.Task continueWithTask(com.google.android.gms.tasks.Continuation)